This is pdfTeX, Version 3.141592653-2.6-1.40.22 (TeX Live 2022/dev/Debian) (preloaded format=pdflatex 2023.5.31)  12 JUL 2023 09:08
entering extended mode
 restricted \write18 enabled.
 %&-line parsing enabled.
**podrcznikstemi.tex
(./podrcznikstemi.tex
LaTeX2e <2021-11-15> patch level 1
L3 programming layer <2022-01-21> (./sphinxmanual.cls
Document Class: sphinxmanual 2019/12/01 v2.3.0 Document class (Sphinx manual)
(/usr/share/texlive/texmf-dist/tex/latex/base/report.cls
Document Class: report 2021/10/04 v1.4n Standard LaTeX document class
(/usr/share/texlive/texmf-dist/tex/latex/base/size10.clo
File: size10.clo 2021/10/04 v1.4n Standard LaTeX file (size option)
)
\c@part=\count185
\c@chapter=\count186
\c@section=\count187
\c@subsection=\count188
\c@subsubsection=\count189
\c@paragraph=\count190
\c@subparagraph=\count191
\c@figure=\count192
\c@table=\count193
\abovecaptionskip=\skip47
\belowcaptionskip=\skip48
\bibindent=\dimen138
)
LaTeX Info: Redefining \and on input line 35.
)
(/usr/share/texlive/texmf-dist/tex/latex/base/inputenc.sty
Package: inputenc 2021/02/14 v1.3d Input encoding file
\inpenc@prehook=\toks16
\inpenc@posthook=\toks17
)
   defining Unicode char U+00A0 (decimal 160)
   defining Unicode char U+2500 (decimal 9472)
   defining Unicode char U+2502 (decimal 9474)
   defining Unicode char U+2514 (decimal 9492)
   defining Unicode char U+251C (decimal 9500)
   defining Unicode char U+2572 (decimal 9586)

(/usr/share/texlive/texmf-dist/tex/latex/cmap/cmap.sty
Package: cmap 2021/02/06 v1.0j CMap support: searchable PDF
)
(/usr/share/texlive/texmf-dist/tex/latex/base/fontenc.sty
Package: fontenc 2021/04/29 v2.0v Standard LaTeX package
<<t1.cmap>>)
(/usr/share/texlive/texmf-dist/tex/latex/amsmath/amsmath.sty
Package: amsmath 2021/10/15 v2.17l AMS math features
\@mathmargin=\skip49

For additional information on amsmath, use the `?' option.
(/usr/share/texlive/texmf-dist/tex/latex/amsmath/amstext.sty
Package: amstext 2021/08/26 v2.01 AMS text

(/usr/share/texlive/texmf-dist/tex/latex/amsmath/amsgen.sty
File: amsgen.sty 1999/11/30 v2.0 generic functions
\@emptytoks=\toks18
\ex@=\dimen139
))
(/usr/share/texlive/texmf-dist/tex/latex/amsmath/amsbsy.sty
Package: amsbsy 1999/11/29 v1.2d Bold Symbols
\pmbraise@=\dimen140
)
(/usr/share/texlive/texmf-dist/tex/latex/amsmath/amsopn.sty
Package: amsopn 2021/08/26 v2.02 operator names
)
\inf@bad=\count194
LaTeX Info: Redefining \frac on input line 234.
\uproot@=\count195
\leftroot@=\count196
LaTeX Info: Redefining \overline on input line 399.
\classnum@=\count197
\DOTSCASE@=\count198
LaTeX Info: Redefining \ldots on input line 496.
LaTeX Info: Redefining \dots on input line 499.
LaTeX Info: Redefining \cdots on input line 620.
\Mathstrutbox@=\box50
\strutbox@=\box51
\big@size=\dimen141
LaTeX Font Info:    Redeclaring font encoding OML on input line 743.
LaTeX Font Info:    Redeclaring font encoding OMS on input line 744.
\macc@depth=\count199
\c@MaxMatrixCols=\count266
\dotsspace@=\muskip16
\c@parentequation=\count267
\dspbrk@lvl=\count268
\tag@help=\toks19
\row@=\count269
\column@=\count270
\maxfields@=\count271
\andhelp@=\toks20
\eqnshift@=\dimen142
\alignsep@=\dimen143
\tagshift@=\dimen144
\tagwidth@=\dimen145
\totwidth@=\dimen146
\lineht@=\dimen147
\@envbody=\toks21
\multlinegap=\skip50
\multlinetaggap=\skip51
\mathdisplay@stack=\toks22
LaTeX Info: Redefining \[ on input line 2938.
LaTeX Info: Redefining \] on input line 2939.
)
(/usr/share/texlive/texmf-dist/tex/latex/amsfonts/amssymb.sty
Package: amssymb 2013/01/14 v3.01 AMS font symbols

(/usr/share/texlive/texmf-dist/tex/latex/amsfonts/amsfonts.sty
Package: amsfonts 2013/01/14 v3.01 Basic AMSFonts support
\symAMSa=\mathgroup4
\symAMSb=\mathgroup5
LaTeX Font Info:    Redeclaring math symbol \hbar on input line 98.
LaTeX Font Info:    Overwriting math alphabet `\mathfrak' in version `bold'
(Font)                  U/euf/m/n --> U/euf/b/n on input line 106.
))
(/usr/share/texlive/texmf-dist/tex/generic/babel/babel.sty
Package: babel 2022/01/26 3.70 The Babel package
\babel@savecnt=\count272
\U@D=\dimen148
\l@unhyphenated=\language87

(/usr/share/texlive/texmf-dist/tex/generic/babel/txtbabel.def)
\bbl@readstream=\read2
\bbl@dirlevel=\count273

(/usr/share/texlive/texmf-dist/tex/generic/babel-polish/polish.ldf
Language: polish 2005/03/31 v1.2l Polish support from the babel system
Package babel Info: Making " an active character on input line 83.
\pl@left=\dimen149
\pl@down=\dimen150
\pl@right=\dimen151
\pl@temp=\dimen152
))
(/usr/share/texmf/tex/latex/tex-gyre/tgtermes.sty
Package: tgtermes 2009/09/27 v1.2 TeX Gyre Termes as default roman family

(/usr/share/texlive/texmf-dist/tex/latex/kvoptions/kvoptions.sty
Package: kvoptions 2020-10-07 v3.14 Key value format for package options (HO)

(/usr/share/texlive/texmf-dist/tex/latex/graphics/keyval.sty
Package: keyval 2014/10/28 v1.15 key=value parser (DPC)
\KV@toks@=\toks23
)
(/usr/share/texlive/texmf-dist/tex/generic/ltxcmds/ltxcmds.sty
Package: ltxcmds 2020-05-10 v1.25 LaTeX kernel commands for general use (HO)
)
(/usr/share/texlive/texmf-dist/tex/generic/kvsetkeys/kvsetkeys.sty
Package: kvsetkeys 2019/12/15 v1.18 Key value parser (HO)
)))
(/usr/share/texmf/tex/latex/tex-gyre/tgheros.sty
Package: tgheros 2009/09/27 v1.2 TeX Gyre Heros as default sans serif family
)
(/usr/share/texlive/texmf-dist/tex/latex/fncychap/fncychap.sty
Package: fncychap 2007/07/30 v1.34 LaTeX package (Revised chapters)
\RW=\skip52
\mylen=\skip53
\myhi=\skip54
\px=\skip55
\py=\skip56
\pyy=\skip57
\pxx=\skip58
) (./sphinx.sty
Package: sphinx 2023/03/19 v6.2.0 LaTeX package (Sphinx markup)

(/usr/share/texlive/texmf-dist/tex/latex/xcolor/xcolor.sty
Package: xcolor 2021/10/31 v2.13 LaTeX color extensions (UK)

(/usr/share/texlive/texmf-dist/tex/latex/graphics-cfg/color.cfg
File: color.cfg 2016/01/02 v1.6 sample color configuration
)
Package xcolor Info: Driver file: pdftex.def on input line 227.

(/usr/share/texlive/texmf-dist/tex/latex/graphics-def/pdftex.def
File: pdftex.def 2020/10/05 v1.2a Graphics/color driver for pdftex
)
Package xcolor Info: Model `cmy' substituted by `cmy0' on input line 1352.
Package xcolor Info: Model `hsb' substituted by `rgb' on input line 1356.
Package xcolor Info: Model `RGB' extended on input line 1368.
Package xcolor Info: Model `HTML' substituted by `rgb' on input line 1370.
Package xcolor Info: Model `Hsb' substituted by `hsb' on input line 1371.
Package xcolor Info: Model `tHsb' substituted by `hsb' on input line 1372.
Package xcolor Info: Model `HSB' substituted by `hsb' on input line 1373.
Package xcolor Info: Model `Gray' substituted by `gray' on input line 1374.
Package xcolor Info: Model `wave' substituted by `hsb' on input line 1375.
)
(./sphinxoptionshyperref.sty
File: sphinxoptionshyperref.sty 2021/01/27 hyperref
) (./sphinxoptionsgeometry.sty
File: sphinxoptionsgeometry.sty 2021/01/27 geometry
)
(/usr/share/texlive/texmf-dist/tex/latex/base/textcomp.sty
Package: textcomp 2020/02/02 v2.0n Standard LaTeX package
)
(/usr/share/texlive/texmf-dist/tex/latex/float/float.sty
Package: float 2001/11/08 v1.3d Float enhancements (AL)
\c@float@type=\count274
\float@exts=\toks24
\float@box=\box52
\@float@everytoks=\toks25
\@floatcapt=\box53
)
(/usr/share/texlive/texmf-dist/tex/latex/wrapfig/wrapfig.sty
\wrapoverhang=\dimen153
\WF@size=\dimen154
\c@WF@wrappedlines=\count275
\WF@box=\box54
\WF@everypar=\toks26
Package: wrapfig 2003/01/31  v 3.6
)
(/usr/share/texlive/texmf-dist/tex/latex/capt-of/capt-of.sty
Package: capt-of 2009/12/29 v0.2 standard captions outside of floats
)
(/usr/share/texlive/texmf-dist/tex/latex/tools/multicol.sty
Package: multicol 2021/10/28 v1.9b multicolumn formatting (FMi)
\c@tracingmulticols=\count276
\mult@box=\box55
\multicol@leftmargin=\dimen155
\c@unbalance=\count277
\c@collectmore=\count278
\doublecol@number=\count279
\multicoltolerance=\count280
\multicolpretolerance=\count281
\full@width=\dimen156
\page@free=\dimen157
\premulticols=\dimen158
\postmulticols=\dimen159
\multicolsep=\skip59
\multicolbaselineskip=\skip60
\partial@page=\box56
\last@line=\box57
\maxbalancingoverflow=\dimen160
\mult@rightbox=\box58
\mult@grightbox=\box59
\mult@firstbox=\box60
\mult@gfirstbox=\box61
\@tempa=\box62
\@tempa=\box63
\@tempa=\box64
\@tempa=\box65
\@tempa=\box66
\@tempa=\box67
\@tempa=\box68
\@tempa=\box69
\@tempa=\box70
\@tempa=\box71
\@tempa=\box72
\@tempa=\box73
\@tempa=\box74
\@tempa=\box75
\@tempa=\box76
\@tempa=\box77
\@tempa=\box78
\@tempa=\box79
\@tempa=\box80
\@tempa=\box81
\@tempa=\box82
\@tempa=\box83
\@tempa=\box84
\@tempa=\box85
\@tempa=\box86
\@tempa=\box87
\@tempa=\box88
\@tempa=\box89
\@tempa=\box90
\@tempa=\box91
\@tempa=\box92
\@tempa=\box93
\@tempa=\box94
\@tempa=\box95
\@tempa=\box96
\@tempa=\box97
\c@minrows=\count282
\c@columnbadness=\count283
\c@finalcolumnbadness=\count284
\last@try=\dimen161
\multicolovershoot=\dimen162
\multicolundershoot=\dimen163
\mult@nat@firstbox=\box98
\colbreak@box=\box99
\mc@col@check@num=\count285
)
(/usr/share/texlive/texmf-dist/tex/latex/graphics/graphicx.sty
Package: graphicx 2021/09/16 v1.2d Enhanced LaTeX Graphics (DPC,SPQR)

(/usr/share/texlive/texmf-dist/tex/latex/graphics/graphics.sty
Package: graphics 2021/03/04 v1.4d Standard LaTeX Graphics (DPC,SPQR)

(/usr/share/texlive/texmf-dist/tex/latex/graphics/trig.sty
Package: trig 2021/08/11 v1.11 sin cos tan (DPC)
)
(/usr/share/texlive/texmf-dist/tex/latex/graphics-cfg/graphics.cfg
File: graphics.cfg 2016/06/04 v1.11 sample graphics configuration
)
Package graphics Info: Driver file: pdftex.def on input line 107.
)
\Gin@req@height=\dimen164
\Gin@req@width=\dimen165
)
(./sphinxlatexgraphics.sty
File: sphinxlatexgraphics.sty 2021/01/27 graphics
\spx@image@maxheight=\dimen166
\spx@image@box=\box100
) (./sphinxpackageboxes.sty
Package: sphinxpackageboxes 2023/03/19 v6.2.0 advanced colored boxes

(/usr/share/texlive/texmf-dist/tex/latex/pict2e/pict2e.sty
Package: pict2e 2020/09/30 v0.4b Improved picture commands (HjG,RN,JT)

(/usr/share/texlive/texmf-dist/tex/latex/pict2e/pict2e.cfg
File: pict2e.cfg 2016/02/05 v0.1u pict2e configuration for teTeX/TeXLive
)
Package pict2e Info: Driver file: pdftex.def on input line 112.
Package pict2e Info: Driver file for pict2e: p2e-pdftex.def on input line 114.

(/usr/share/texlive/texmf-dist/tex/latex/pict2e/p2e-pdftex.def
File: p2e-pdftex.def 2016/02/05 v0.1u Driver-dependant file (RN,HjG,JT)
)
\pIIe@GRAPH=\toks27
\@arclen=\dimen167
\@arcrad=\dimen168
\pIIe@tempdima=\dimen169
\pIIe@tempdimb=\dimen170
\pIIe@tempdimc=\dimen171
\pIIe@tempdimd=\dimen172
\pIIe@tempdime=\dimen173
\pIIe@tempdimf=\dimen174
)
(/usr/share/texlive/texmf-dist/tex/latex/ellipse/ellipse.sty
Package: ellipse 2004/11/05 v1.0 .dtx ellipse file
)
\@tempdimd=\dimen175
\spx@tempboxa=\box101
\spx@tempboxb=\box102
\spx@boxes@border=\dimen176
\spx@boxes@border@top=\dimen177
\spx@boxes@border@right=\dimen178
\spx@boxes@border@bottom=\dimen179
\spx@boxes@border@left=\dimen180
\spx@boxes@padding@top=\dimen181
\spx@boxes@padding@right=\dimen182
\spx@boxes@padding@bottom=\dimen183
\spx@boxes@padding@left=\dimen184
\spx@boxes@shadow@xoffset=\dimen185
\spx@boxes@shadow@yoffset=\dimen186
\spx@boxes@radius@topleft@x=\dimen187
\spx@boxes@radius@topright@x=\dimen188
\spx@boxes@radius@bottomright@x=\dimen189
\spx@boxes@radius@bottomleft@x=\dimen190
\spx@boxes@radius@topleft@y=\dimen191
\spx@boxes@radius@topright@y=\dimen192
\spx@boxes@radius@bottomright@y=\dimen193
\spx@boxes@radius@bottomleft@y=\dimen194
)
(./sphinxlatexadmonitions.sty
File: sphinxlatexadmonitions.sty 2023/03/19 admonitions

(/usr/share/texlive/texmf-dist/tex/latex/framed/framed.sty
Package: framed 2011/10/22 v 0.96: framed or shaded text with page breaks
\OuterFrameSep=\skip61
\fb@frw=\dimen195
\fb@frh=\dimen196
\FrameRule=\dimen197
\FrameSep=\dimen198
)
\spx@notice@border=\dimen199
)
(./sphinxlatexliterals.sty
File: sphinxlatexliterals.sty 2023/04/01 code-blocks and parsed literals

(/usr/share/texlive/texmf-dist/tex/latex/fancyvrb/fancyvrb.sty
Package: fancyvrb 2021/12/21 4.1b verbatim text (tvz,hv)
\FV@CodeLineNo=\count286
\FV@InFile=\read3
\FV@TabBox=\box103
\c@FancyVerbLine=\count287
\FV@StepNumber=\count288
\FV@OutFile=\write3
)
(/usr/share/texlive/texmf-dist/tex/latex/base/alltt.sty
Package: alltt 2021/01/29 v2.0g defines alltt environment
)
(/usr/share/texlive/texmf-dist/tex/latex/upquote/upquote.sty
Package: upquote 2012/04/19 v1.3 upright-quote and grave-accent glyphs in verba
tim
)
(/usr/share/texlive/texmf-dist/tex/latex/needspace/needspace.sty
Package: needspace 2010/09/12 v1.3d reserve vertical space
)
\sphinxcontinuationbox=\box104
\sphinxvisiblespacebox=\box105
\sphinxVerbatim@TitleBox=\box106
\sphinxVerbatim@ContentsBox=\box107
)
(./sphinxlatexshadowbox.sty
File: sphinxlatexshadowbox.sty 2023/03/19 sphinxShadowBox
) (./sphinxlatexcontainers.sty
File: sphinxlatexcontainers.sty 2021/05/03 containers
)
(./sphinxhighlight.sty
Package: sphinxhighlight 2022/06/30 stylesheet for highlighting with pygments
) (./sphinxlatextables.sty
File: sphinxlatextables.sty 2022/08/15 tables

(/usr/share/texlive/texmf-dist/tex/latex/tabulary/tabulary.sty
Package: tabulary 2014/06/11 v0.10 tabulary package (DPC)

(/usr/share/texlive/texmf-dist/tex/latex/tools/array.sty
Package: array 2021/10/04 v2.5f Tabular extension package (FMi)
\col@sep=\dimen256
\ar@mcellbox=\box108
\extrarowheight=\dimen257
\NC@list=\toks28
\extratabsurround=\skip62
\backup@length=\skip63
\ar@cellbox=\box109
)
\TY@count=\count289
\TY@linewidth=\dimen258
\tymin=\dimen259
\tymax=\dimen260
\TY@tablewidth=\dimen261
)
(/usr/share/texlive/texmf-dist/tex/latex/tools/longtable.sty
Package: longtable 2021-09-01 v4.17 Multi-page Table package (DPC)
\LTleft=\skip64
\LTright=\skip65
\LTpre=\skip66
\LTpost=\skip67
\LTchunksize=\count290
\LTcapwidth=\dimen262
\LT@head=\box110
\LT@firsthead=\box111
\LT@foot=\box112
\LT@lastfoot=\box113
\LT@gbox=\box114
\LT@cols=\count291
\LT@rows=\count292
\c@LT@tables=\count293
\c@LT@chunks=\count294
\LT@p@ftn=\toks29
)
(/usr/share/texlive/texmf-dist/tex/latex/varwidth/varwidth.sty
Package: varwidth 2009/03/30 ver 0.92;  Variable-width minipages
\@vwid@box=\box115
\sift@deathcycles=\count295
\@vwid@loff=\dimen263
\@vwid@roff=\dimen264
)
\sphinx@TY@tablewidth=\dimen265

(/usr/share/texlive/texmf-dist/tex/latex/colortbl/colortbl.sty
Package: colortbl 2020/01/04 v1.0e Color table columns (DPC)
\everycr=\toks30
\minrowclearance=\skip68
)
\rownum=\count296

(/usr/share/texlive/texmf-dist/tex/latex/booktabs/booktabs.sty
Package: booktabs 2020/01/12 v1.61803398 Publication quality tables
\heavyrulewidth=\dimen266
\lightrulewidth=\dimen267
\cmidrulewidth=\dimen268
\belowrulesep=\dimen269
\belowbottomsep=\dimen270
\aboverulesep=\dimen271
\abovetopsep=\dimen272
\cmidrulesep=\dimen273
\cmidrulekern=\dimen274
\defaultaddspace=\dimen275
\@cmidla=\count297
\@cmidlb=\count298
\@aboverulesep=\dimen276
\@belowrulesep=\dimen277
\@thisruleclass=\count299
\@lastruleclass=\count300
\@thisrulewidth=\dimen278
))
(./sphinxlatexnumfig.sty
File: sphinxlatexnumfig.sty 2021/01/27 numbering
) (./sphinxlatexlists.sty
File: sphinxlatexlists.sty 2021/12/20 lists
\spx@lineitemlabel=\toks31
)
\c@sphinxscope=\count301
 (./sphinxpackagefootnote.sty
Package: sphinxpackagefootnote 2022/08/15 v5.3.0 Sphinx custom footnotehyper pa
ckage (Sphinx team)
\FNH@notes=\box116
\FNH@toks=\toks32
\FNH@width=\dimen279
\c@sphinxfootnotemark=\count302
) (./sphinxlatexindbibtoc.sty
File: sphinxlatexindbibtoc.sty 2021/01/27 index, bib., toc

(/usr/share/texlive/texmf-dist/tex/latex/base/makeidx.sty
Package: makeidx 2021/10/04 v1.0m Standard LaTeX package
))
(./sphinxlatexstylepage.sty
File: sphinxlatexstylepage.sty 2021/01/27 page styling

(/usr/share/texlive/texmf-dist/tex/latex/parskip/parskip.sty
Rollback for package 'parskip' requested -> version 'v1'.
         This corresponds to the release introduced on 2001-04-09.

(/usr/share/texlive/texmf-dist/tex/latex/parskip/parskip-2001-04-09.sty
Package: parskip 2001/04/09 non-zero parskip adjustments
))
(/usr/share/texlive/texmf-dist/tex/latex/fancyhdr/fancyhdr.sty
Package: fancyhdr 2021/01/28 v4.0.1 Extensive control of page headers and foote
rs
\f@nch@headwidth=\skip69
\f@nch@O@elh=\skip70
\f@nch@O@erh=\skip71
\f@nch@O@olh=\skip72
\f@nch@O@orh=\skip73
\f@nch@O@elf=\skip74
\f@nch@O@erf=\skip75
\f@nch@O@olf=\skip76
\f@nch@O@orf=\skip77
))
(./sphinxlatexstyleheadings.sty
File: sphinxlatexstyleheadings.sty 2023/02/11 headings

(/usr/share/texlive/texmf-dist/tex/latex/titlesec/titlesec.sty
Package: titlesec 2021/07/05 v2.14 Sectioning titles
\ttl@box=\box117
\beforetitleunit=\skip78
\aftertitleunit=\skip79
\ttl@plus=\dimen280
\ttl@minus=\dimen281
\ttl@toksa=\toks33
\titlewidth=\dimen282
\titlewidthlast=\dimen283
\titlewidthfirst=\dimen284
))
(./sphinxlatexstyletext.sty
File: sphinxlatexstyletext.sty 2023/03/26 text styling
) (./sphinxlatexobjects.sty
File: sphinxlatexobjects.sty 2022/01/13 documentation environments
\sphinxsignaturesep=\skip80
\py@argswidth=\skip81
\lineblockindentation=\skip82
\DUlineblockindent=\skip83
))
(/usr/share/texlive/texmf-dist/tex/latex/geometry/geometry.sty
Package: geometry 2020/01/02 v5.9 Page Geometry

(/usr/share/texlive/texmf-dist/tex/generic/iftex/ifvtex.sty
Package: ifvtex 2019/10/25 v1.7 ifvtex legacy package. Use iftex instead.

(/usr/share/texlive/texmf-dist/tex/generic/iftex/iftex.sty
Package: iftex 2020/03/06 v1.0d TeX engine tests
))
\Gm@cnth=\count303
\Gm@cntv=\count304
\c@Gm@tempcnt=\count305
\Gm@bindingoffset=\dimen285
\Gm@wd@mp=\dimen286
\Gm@odd@mp=\dimen287
\Gm@even@mp=\dimen288
\Gm@layoutwidth=\dimen289
\Gm@layoutheight=\dimen290
\Gm@layouthoffset=\dimen291
\Gm@layoutvoffset=\dimen292
\Gm@dimlist=\toks34
)
(/usr/share/texlive/texmf-dist/tex/latex/hyperref/hyperref.sty
Package: hyperref 2021-06-07 v7.00m Hypertext links for LaTeX

(/usr/share/texlive/texmf-dist/tex/generic/pdftexcmds/pdftexcmds.sty
Package: pdftexcmds 2020-06-27 v0.33 Utility functions of pdfTeX for LuaTeX (HO
)

(/usr/share/texlive/texmf-dist/tex/generic/infwarerr/infwarerr.sty
Package: infwarerr 2019/12/03 v1.5 Providing info/warning/error messages (HO)
)
Package pdftexcmds Info: \pdf@primitive is available.
Package pdftexcmds Info: \pdf@ifprimitive is available.
Package pdftexcmds Info: \pdfdraftmode found.
)
(/usr/share/texlive/texmf-dist/tex/generic/kvdefinekeys/kvdefinekeys.sty
Package: kvdefinekeys 2019-12-19 v1.6 Define keys (HO)
)
(/usr/share/texlive/texmf-dist/tex/generic/pdfescape/pdfescape.sty
Package: pdfescape 2019/12/09 v1.15 Implements pdfTeX's escape features (HO)
)
(/usr/share/texlive/texmf-dist/tex/latex/hycolor/hycolor.sty
Package: hycolor 2020-01-27 v1.10 Color options for hyperref/bookmark (HO)
)
(/usr/share/texlive/texmf-dist/tex/latex/letltxmacro/letltxmacro.sty
Package: letltxmacro 2019/12/03 v1.6 Let assignment for LaTeX macros (HO)
)
(/usr/share/texlive/texmf-dist/tex/latex/auxhook/auxhook.sty
Package: auxhook 2019-12-17 v1.6 Hooks for auxiliary files (HO)
)
\@linkdim=\dimen293
\Hy@linkcounter=\count306
\Hy@pagecounter=\count307

(/usr/share/texlive/texmf-dist/tex/latex/hyperref/pd1enc.def
File: pd1enc.def 2021-06-07 v7.00m Hyperref: PDFDocEncoding definition (HO)
Now handling font encoding PD1 ...
... no UTF-8 mapping file for font encoding PD1
)
(/usr/share/texlive/texmf-dist/tex/latex/hyperref/hyperref-langpatches.def
File: hyperref-langpatches.def 2021-06-07 v7.00m Hyperref: patches for babel la
nguages
)
(/usr/share/texlive/texmf-dist/tex/generic/intcalc/intcalc.sty
Package: intcalc 2019/12/15 v1.3 Expandable calculations with integers (HO)
)
(/usr/share/texlive/texmf-dist/tex/generic/etexcmds/etexcmds.sty
Package: etexcmds 2019/12/15 v1.7 Avoid name clashes with e-TeX commands (HO)
)
\Hy@SavedSpaceFactor=\count308

(/usr/share/texlive/texmf-dist/tex/latex/hyperref/puenc.def
File: puenc.def 2021-06-07 v7.00m Hyperref: PDF Unicode definition (HO)
Now handling font encoding PU ...
... no UTF-8 mapping file for font encoding PU
)
Package hyperref Info: Option `unicode' set `true' on input line 4073.
Package hyperref Info: Option `colorlinks' set `true' on input line 4073.
Package hyperref Info: Option `breaklinks' set `true' on input line 4073.
Package hyperref Info: Hyper figures OFF on input line 4192.
Package hyperref Info: Link nesting OFF on input line 4197.
Package hyperref Info: Hyper index ON on input line 4200.
Package hyperref Info: Plain pages OFF on input line 4207.
Package hyperref Info: Backreferencing OFF on input line 4212.
Package hyperref Info: Implicit mode ON; LaTeX internals redefined.
Package hyperref Info: Bookmarks ON on input line 4445.
\c@Hy@tempcnt=\count309

(/usr/share/texlive/texmf-dist/tex/latex/url/url.sty
\Urlmuskip=\muskip17
Package: url 2013/09/16  ver 3.4  Verb mode for urls, etc.
)
LaTeX Info: Redefining \url on input line 4804.
\XeTeXLinkMargin=\dimen294

(/usr/share/texlive/texmf-dist/tex/generic/bitset/bitset.sty
Package: bitset 2019/12/09 v1.3 Handle bit-vector datatype (HO)

(/usr/share/texlive/texmf-dist/tex/generic/bigintcalc/bigintcalc.sty
Package: bigintcalc 2019/12/15 v1.5 Expandable calculations on big integers (HO
)
))
\Fld@menulength=\count310
\Field@Width=\dimen295
\Fld@charsize=\dimen296
Package hyperref Info: Hyper figures OFF on input line 6076.
Package hyperref Info: Link nesting OFF on input line 6081.
Package hyperref Info: Hyper index ON on input line 6084.
Package hyperref Info: backreferencing OFF on input line 6091.
Package hyperref Info: Link coloring ON on input line 6094.
Package hyperref Info: Link coloring with OCG OFF on input line 6101.
Package hyperref Info: PDF/A mode OFF on input line 6106.
LaTeX Info: Redefining \ref on input line 6146.
LaTeX Info: Redefining \pageref on input line 6150.

(/usr/share/texlive/texmf-dist/tex/latex/base/atbegshi-ltx.sty
Package: atbegshi-ltx 2021/01/10 v1.0c Emulation of the original atbegshi
package with kernel methods
)
\Hy@abspage=\count311
\c@Item=\count312
\c@Hfootnote=\count313
)
Package hyperref Info: Driver (autodetected): hpdftex.

(/usr/share/texlive/texmf-dist/tex/latex/hyperref/hpdftex.def
File: hpdftex.def 2021-06-07 v7.00m Hyperref driver for pdfTeX

(/usr/share/texlive/texmf-dist/tex/latex/base/atveryend-ltx.sty
Package: atveryend-ltx 2020/08/19 v1.0a Emulation of the original atveryend pac
kage
with kernel methods
)
\Fld@listcount=\count314
\c@bookmark@seq@number=\count315

(/usr/share/texlive/texmf-dist/tex/latex/rerunfilecheck/rerunfilecheck.sty
Package: rerunfilecheck 2019/12/05 v1.9 Rerun checks for auxiliary files (HO)

(/usr/share/texlive/texmf-dist/tex/generic/uniquecounter/uniquecounter.sty
Package: uniquecounter 2019/12/15 v1.4 Provide unlimited unique counter (HO)
)
Package uniquecounter Info: New unique counter `rerunfilecheck' on input line 2
86.
)
\Hy@SectionHShift=\skip84
)
(/usr/share/texlive/texmf-dist/tex/latex/oberdiek/hypcap.sty
Package: hypcap 2016/05/16 v1.12 Adjusting the anchors of captions (HO)
)
(./sphinxmessages.sty
Package: sphinxmessages 2019/01/04 v2.0 Localized LaTeX macros (Sphinx team)
)
\@indexfile=\write4
\openout4 = `podrcznikstemi.idx'.


Writing index file podrcznikstemi.idx
LaTeX Font Info:    Trying to load font information for T1+qtm on input line 75
.
(/usr/share/texmf/tex/latex/tex-gyre/t1qtm.fd
File: t1qtm.fd 2009/09/25 v1.2 font definition file for T1/qtm
)
(/usr/share/texlive/texmf-dist/tex/latex/l3backend/l3backend-pdftex.def
File: l3backend-pdftex.def 2022-01-12 L3 backend support: PDF output (pdfTeX)
\l__color_backend_stack_int=\count316
\l__pdf_internal_box=\box118
)
(./podrcznikstemi.aux)
\openout1 = `podrcznikstemi.aux'.

LaTeX Font Info:    Checking defaults for OML/cmm/m/it on input line 75.
LaTeX Font Info:    ... okay on input line 75.
LaTeX Font Info:    Checking defaults for OMS/cmsy/m/n on input line 75.
LaTeX Font Info:    ... okay on input line 75.
LaTeX Font Info:    Checking defaults for OT1/cmr/m/n on input line 75.
LaTeX Font Info:    ... okay on input line 75.
LaTeX Font Info:    Checking defaults for T1/cmr/m/n on input line 75.
LaTeX Font Info:    ... okay on input line 75.
LaTeX Font Info:    Checking defaults for TS1/cmr/m/n on input line 75.
LaTeX Font Info:    ... okay on input line 75.
LaTeX Font Info:    Checking defaults for OMX/cmex/m/n on input line 75.
LaTeX Font Info:    ... okay on input line 75.
LaTeX Font Info:    Checking defaults for U/cmr/m/n on input line 75.
LaTeX Font Info:    ... okay on input line 75.
LaTeX Font Info:    Checking defaults for PD1/pdf/m/n on input line 75.
LaTeX Font Info:    ... okay on input line 75.
LaTeX Font Info:    Checking defaults for PU/pdf/m/n on input line 75.
LaTeX Font Info:    ... okay on input line 75.

(/usr/share/texlive/texmf-dist/tex/context/base/mkii/supp-pdf.mkii
[Loading MPS to PDF converter (version 2006.09.02).]
\scratchcounter=\count317
\scratchdimen=\dimen297
\scratchbox=\box119
\nofMPsegments=\count318
\nofMParguments=\count319
\everyMPshowfont=\toks35
\MPscratchCnt=\count320
\MPscratchDim=\dimen298
\MPnumerator=\count321
\makeMPintoPDFobject=\count322
\everyMPtoPDFconversion=\toks36
) (/usr/share/texlive/texmf-dist/tex/latex/epstopdf-pkg/epstopdf-base.sty
Package: epstopdf-base 2020-01-24 v2.11 Base part for package epstopdf
Package epstopdf-base Info: Redefining graphics rule for `.eps' on input line 4
85.

(/usr/share/texlive/texmf-dist/tex/latex/latexconfig/epstopdf-sys.cfg
File: epstopdf-sys.cfg 2010/07/13 v1.3 Configuration of (r)epstopdf for TeX Liv
e
))
\c@literalblock=\count323

*geometry* driver: auto-detecting
*geometry* detected driver: pdftex
*geometry* verbose mode - [ preamble ] result:
* driver: pdftex
* paper: letterpaper
* layout: <same size as paper>
* layoutoffset:(h,v)=(0.0pt,0.0pt)
* modes: twoside 
* h-part:(L,W,R)=(72.26999pt, 469.75502pt, 72.26999pt)
* v-part:(T,H,B)=(72.26999pt, 650.43001pt, 72.26999pt)
* \paperwidth=614.295pt
* \paperheight=794.96999pt
* \textwidth=469.75502pt
* \textheight=650.43001pt
* \oddsidemargin=0.0pt
* \evensidemargin=0.0pt
* \topmargin=-37.0pt
* \headheight=12.0pt
* \headsep=25.0pt
* \topskip=10.0pt
* \footskip=30.0pt
* \marginparwidth=36.135pt
* \marginparsep=11.0pt
* \columnsep=10.0pt
* \skip\footins=9.0pt plus 4.0pt minus 2.0pt
* \hoffset=0.0pt
* \voffset=0.0pt
* \mag=1000
* \@twocolumnfalse
* \@twosidetrue
* \@mparswitchtrue
* \@reversemarginfalse
* (1in=72.27pt=25.4mm, 1cm=28.453pt)

Package hyperref Info: Link coloring ON on input line 75.
(/usr/share/texlive/texmf-dist/tex/latex/hyperref/nameref.sty
Package: nameref 2021-04-02 v2.47 Cross-referencing by name of section

(/usr/share/texlive/texmf-dist/tex/latex/refcount/refcount.sty
Package: refcount 2019/12/15 v3.6 Data extraction from label references (HO)
)
(/usr/share/texlive/texmf-dist/tex/generic/gettitlestring/gettitlestring.sty
Package: gettitlestring 2019/12/15 v1.6 Cleanup title references (HO)
)
\c@section@level=\count324
)
LaTeX Info: Redefining \ref on input line 75.
LaTeX Info: Redefining \pageref on input line 75.
LaTeX Info: Redefining \nameref on input line 75.

(./podrcznikstemi.out) (./podrcznikstemi.out)
\@outlinefile=\write5
\openout5 = `podrcznikstemi.out'.

Package hyperref Info: Option `pageanchor' set `false' on input line 83.
LaTeX Font Info:    Trying to load font information for T1+qhv on input line 83
.

(/usr/share/texmf/tex/latex/tex-gyre/t1qhv.fd
File: t1qhv.fd 2009/09/25 v1.2 font definition file for T1/qhv
)<<ot1.cmap>><<oml.cmap>><<oms.cmap>><<omx.cmap>>
LaTeX Font Info:    Trying to load font information for U+msa on input line 83.

 (/usr/share/texlive/texmf-dist/tex/latex/amsfonts/umsa.fd
File: umsa.fd 2013/01/14 v3.01 AMS symbols A
)
LaTeX Font Info:    Trying to load font information for U+msb on input line 83.


(/usr/share/texlive/texmf-dist/tex/latex/amsfonts/umsb.fd
File: umsb.fd 2013/01/14 v3.01 AMS symbols B
) [1

{/var/lib/texmf/fonts/map/pdftex/updmap/pdftex.map}] [2


] (./podrcznikstemi.toc)
\tf@toc=\write6
\openout6 = `podrcznikstemi.toc'.

 [1

] [2

]
Rozdzia\l  1.
<samogloski-litery.png, id=91, 190.311pt x 43.362pt>
LaTeX Font Info:    Trying to load font information for T1+txtt on input line 1
21.
(/usr/share/texlive/texmf-dist/tex/latex/txfonts/t1txtt.fd
File: t1txtt.fd 2000/12/15 v3.1
)
File: samogloski-litery.png Graphic file (type png)
<use samogloski-litery.png>
Package pdftex.def Info: samogloski-litery.png  used on input line 121.
(pdftex.def)             Requested size: 190.31052pt x 43.36188pt.
<samogloski.png, id=92, 1017.04968pt x 302.63063pt>
File: samogloski.png Graphic file (type png)
<use samogloski.png>
Package pdftex.def Info: samogloski.png  used on input line 129.
(pdftex.def)             Requested size: 469.75735pt x 139.77975pt.
 [1

 <./samogloski-litery.png>]
<samogloski_old2.png, id=101, 435.12563pt x 143.78719pt>
File: samogloski_old2.png Graphic file (type png)
<use samogloski_old2.png>
Package pdftex.def Info: samogloski_old2.png  used on input line 142.
(pdftex.def)             Requested size: 435.12456pt x 143.78683pt.
<spolgloski-litery.png, id=102, 309.3156pt x 86.724pt>
File: spolgloski-litery.png Graphic file (type png)
<use spolgloski-litery.png>
Package pdftex.def Info: spolgloski-litery.png  used on input line 153.
(pdftex.def)             Requested size: 309.31483pt x 86.72377pt.
<spolgloski.png, id=103, 907.89188pt x 651.93562pt>
File: spolgloski.png Graphic file (type png)
<use spolgloski.png>
Package pdftex.def Info: spolgloski.png  used on input line 164.
(pdftex.def)             Requested size: 469.75143pt x 337.3273pt.
<spolgloski_old2.png, id=104, 478.78876pt x 214.55156pt>
File: spolgloski_old2.png Graphic file (type png)
<use spolgloski_old2.png>
Package pdftex.def Info: spolgloski_old2.png  used on input line 173.
(pdftex.def)             Requested size: 469.7577pt x 210.50461pt.
 [2 <./samogloski.png> <./samogloski_old2.png> <./spolgloski-litery.png>] [3 <.
/spolgloski.png> <./spolgloski_old2.png>]
<a.png, id=122, 13.0086pt x 28.1853pt>
File: a.png Graphic file (type png)
<use a.png>
Package pdftex.def Info: a.png  used on input line 343.
(pdftex.def)             Requested size: 27.79741pt x 60.22461pt.
<y.png, id=123, 18.5493pt x 28.1853pt>
File: y.png Graphic file (type png)
<use y.png>
Package pdftex.def Info: y.png  used on input line 343.
(pdftex.def)             Requested size: 39.63705pt x 60.22461pt.
<e.png, id=124, 12.045pt x 28.1853pt>
File: e.png Graphic file (type png)
<use e.png>
Package pdftex.def Info: e.png  used on input line 343.
(pdftex.def)             Requested size: 25.73833pt x 60.22461pt.
<e_.png, id=125, 17.3448pt x 28.1853pt>
File: e_.png Graphic file (type png)
<use e_.png>
Package pdftex.def Info: e_.png  used on input line 343.
(pdftex.def)             Requested size: 37.0632pt x 60.22461pt.
<i.png, id=126, 13.4904pt x 27.4626pt>
File: i.png Graphic file (type png)
<use i.png>
Package pdftex.def Info: i.png  used on input line 343.
(pdftex.def)             Requested size: 29.5857pt x 60.22461pt.
<o.png, id=127, 16.863pt x 28.1853pt>
File: o.png Graphic file (type png)
<use o.png>
Package pdftex.def Info: o.png  used on input line 343.
(pdftex.def)             Requested size: 36.03368pt x 60.22461pt.
<u.png, id=128, 28.4262pt x 28.1853pt>
File: u.png Graphic file (type png)
<use u.png>
Package pdftex.def Info: u.png  used on input line 343.
(pdftex.def)             Requested size: 60.74248pt x 60.22461pt.
<k.png, id=129, 5.2998pt x 26.9808pt>
File: k.png Graphic file (type png)
<use k.png>
Package pdftex.def Info: k.png  used on input line 343.
(pdftex.def)             Requested size: 11.82986pt x 60.22461pt.
<ki.png, id=130, 7.7088pt x 26.9808pt>
File: ki.png Graphic file (type png)
<use ki.png>
Package pdftex.def Info: ki.png  used on input line 343.
(pdftex.def)             Requested size: 17.2071pt x 60.22461pt.
<g.png, id=131, 5.2998pt x 26.9808pt>
File: g.png Graphic file (type png)
<use g.png>
Package pdftex.def Info: g.png  used on input line 343.
(pdftex.def)             Requested size: 11.82986pt x 60.22461pt.
<gi.png, id=132, 6.9861pt x 26.9808pt>
File: gi.png Graphic file (type png)
<use gi.png>
Package pdftex.def Info: gi.png  used on input line 343.
(pdftex.def)             Requested size: 15.59393pt x 60.22461pt.
<p.png, id=133, 8.9133pt x 26.9808pt>
File: p.png Graphic file (type png)
<use p.png>
Package pdftex.def Info: p.png  used on input line 343.
(pdftex.def)             Requested size: 19.89572pt x 60.22461pt.
<pi.png, id=134, 9.3951pt x 26.9808pt>
File: pi.png Graphic file (type png)
<use pi.png>
Package pdftex.def Info: pi.png  used on input line 343.
(pdftex.def)             Requested size: 20.97116pt x 60.22461pt.
<r.png, id=135, 6.7452pt x 24.3309pt>
File: r.png Graphic file (type png)
<use r.png>
Package pdftex.def Info: r.png  used on input line 343.
(pdftex.def)             Requested size: 16.69771pt x 60.22461pt.
File: a.png Graphic file (type png)
<use a.png>
Package pdftex.def Info: a.png  used on input line 343.
(pdftex.def)             Requested size: 27.79741pt x 60.22461pt.
File: y.png Graphic file (type png)
<use y.png>
Package pdftex.def Info: y.png  used on input line 343.
(pdftex.def)             Requested size: 39.63705pt x 60.22461pt.
File: e.png Graphic file (type png)
<use e.png>
Package pdftex.def Info: e.png  used on input line 343.
(pdftex.def)             Requested size: 25.73833pt x 60.22461pt.
File: e_.png Graphic file (type png)
<use e_.png>
Package pdftex.def Info: e_.png  used on input line 343.
(pdftex.def)             Requested size: 37.0632pt x 60.22461pt.
File: i.png Graphic file (type png)
<use i.png>
Package pdftex.def Info: i.png  used on input line 343.
(pdftex.def)             Requested size: 29.5857pt x 60.22461pt.
File: o.png Graphic file (type png)
<use o.png>
Package pdftex.def Info: o.png  used on input line 343.
(pdftex.def)             Requested size: 36.03368pt x 60.22461pt.
File: u.png Graphic file (type png)
<use u.png>
Package pdftex.def Info: u.png  used on input line 343.
(pdftex.def)             Requested size: 60.74248pt x 60.22461pt.
File: k.png Graphic file (type png)
<use k.png>
Package pdftex.def Info: k.png  used on input line 343.
(pdftex.def)             Requested size: 11.82986pt x 60.22461pt.
File: ki.png Graphic file (type png)
<use ki.png>
Package pdftex.def Info: ki.png  used on input line 343.
(pdftex.def)             Requested size: 17.2071pt x 60.22461pt.
File: g.png Graphic file (type png)
<use g.png>
Package pdftex.def Info: g.png  used on input line 343.
(pdftex.def)             Requested size: 11.82986pt x 60.22461pt.
File: gi.png Graphic file (type png)
<use gi.png>
Package pdftex.def Info: gi.png  used on input line 343.
(pdftex.def)             Requested size: 15.59393pt x 60.22461pt.
File: p.png Graphic file (type png)
<use p.png>
Package pdftex.def Info: p.png  used on input line 343.
(pdftex.def)             Requested size: 19.89572pt x 60.22461pt.
File: pi.png Graphic file (type png)
<use pi.png>
Package pdftex.def Info: pi.png  used on input line 343.
(pdftex.def)             Requested size: 20.97116pt x 60.22461pt.
File: r.png Graphic file (type png)
<use r.png>
Package pdftex.def Info: r.png  used on input line 343.
(pdftex.def)             Requested size: 16.69771pt x 60.22461pt.
 [4 <./a.png> <./y.png> <./e.png> <./e_.png> <./i.png> <./o.png> <./u.png> <./k
.png> <./ki.png> <./g.png> <./gi.png> <./p.png> <./pi.png> <./r.png>]
Rozdzia\l  2.
<jezeli.jpg, id=154, 75.74452pt x 76.43942pt>
File: jezeli.jpg Graphic file (type jpg)
<use jezeli.jpg>
Package pdftex.def Info: jezeli.jpg  used on input line 359.
(pdftex.def)             Requested size: 37.64038pt x 37.98633pt.
<wtedy.png, id=155, 62.54135pt x 75.04962pt>
File: wtedy.png Graphic file (type png)
<use wtedy.png>
Package pdftex.def Info: wtedy.png  used on input line 427.
(pdftex.def)             Requested size: 62.54118pt x 75.04942pt.
[5

 <./jezeli.jpg> <./wtedy.png>] [6]
Rozdzia\l  3.
<wtedy.jpg, id=166, 62.54135pt x 75.04962pt>
File: wtedy.jpg Graphic file (type jpg)
<use wtedy.jpg>
Package pdftex.def Info: wtedy.jpg  used on input line 447.
(pdftex.def)             Requested size: 62.54118pt x 75.04942pt.
<wtedy1.png, id=167, 62.54135pt x 75.04962pt>
File: wtedy1.png Graphic file (type png)
<use wtedy1.png>
Package pdftex.def Info: wtedy1.png  used on input line 450.
(pdftex.def)             Requested size: 62.54118pt x 75.04942pt.
<kiedy.jpg, id=168, 54.2025pt x 69.49039pt>
File: kiedy.jpg Graphic file (type jpg)
<use kiedy.jpg>
Package pdftex.def Info: kiedy.jpg  used on input line 453.
(pdftex.def)             Requested size: 37.64038pt x 48.25908pt.
File: kiedy.jpg Graphic file (type jpg)
<use kiedy.jpg>
Package pdftex.def Info: kiedy.jpg  used on input line 456.
(pdftex.def)             Requested size: 37.64038pt x 48.25908pt.
[7

 <./wtedy.jpg> <./wtedy1.png> <./kiedy.jpg>]
File: kiedy.jpg Graphic file (type jpg)
<use kiedy.jpg>
Package pdftex.def Info: kiedy.jpg  used on input line 521.
(pdftex.def)             Requested size: 37.64038pt x 48.25908pt.
File: jezeli.jpg Graphic file (type jpg)
<use jezeli.jpg>
Package pdftex.def Info: jezeli.jpg  used on input line 521.
(pdftex.def)             Requested size: 37.64038pt x 37.98633pt.
File: kiedy.jpg Graphic file (type jpg)
<use kiedy.jpg>
Package pdftex.def Info: kiedy.jpg  used on input line 524.
(pdftex.def)             Requested size: 37.64038pt x 48.25908pt.
File: jezeli.jpg Graphic file (type jpg)
<use jezeli.jpg>
Package pdftex.def Info: jezeli.jpg  used on input line 525.
(pdftex.def)             Requested size: 37.64038pt x 37.98633pt.
File: jezeli.jpg Graphic file (type jpg)
<use jezeli.jpg>
Package pdftex.def Info: jezeli.jpg  used on input line 528.
(pdftex.def)             Requested size: 37.64038pt x 37.98633pt.
<bedzie.jpg, id=173, 60.45663pt x 52.11778pt>
File: bedzie.jpg Graphic file (type jpg)
<use bedzie.jpg>
Package pdftex.def Info: bedzie.jpg  used on input line 529.
(pdftex.def)             Requested size: 37.64038pt x 32.45026pt.
<nie.jpg, id=174, 43.08405pt x 29.18596pt>
File: nie.jpg Graphic file (type jpg)
<use nie.jpg>
Package pdftex.def Info: nie.jpg  used on input line 530.
(pdftex.def)             Requested size: 37.64038pt x 25.49933pt.
File: kiedy.jpg Graphic file (type jpg)
<use kiedy.jpg>
Package pdftex.def Info: kiedy.jpg  used on input line 531.
(pdftex.def)             Requested size: 37.64038pt x 48.25908pt.
<raz.jpg, id=175, 32.66048pt x 34.7452pt>
File: raz.jpg Graphic file (type jpg)
<use raz.jpg>
Package pdftex.def Info: raz.jpg  used on input line 532.
(pdftex.def)             Requested size: 37.64038pt x 40.04306pt.


LaTeX Warning: File `{zrzut/wtedy}.jpg' not found on input line 533.


LaTeX Warning: File `{zrzut/wtedy}.jpg' not found on input line 533.


! Package pdftex.def Error: File `zrzut/wtedy.jpg' not found: using draft setti
ng.

See the pdftex.def package documentation for explanation.
Type  H <return>  for immediate help.
 ...                                              
                                                  
l.533 ...idth=50\sphinxpxdimen]{{zrzut/wtedy}.jpg}
                                                   wtedy
? 
File: jezeli.jpg Graphic file (type jpg)
<use jezeli.jpg>
Package pdftex.def Info: jezeli.jpg  used on input line 536.
(pdftex.def)             Requested size: 75.74432pt x 76.43922pt.
File: bedzie.jpg Graphic file (type jpg)
<use bedzie.jpg>
Package pdftex.def Info: bedzie.jpg  used on input line 537.
(pdftex.def)             Requested size: 60.45648pt x 52.11765pt.
File: nie.jpg Graphic file (type jpg)
<use nie.jpg>
Package pdftex.def Info: nie.jpg  used on input line 538.
(pdftex.def)             Requested size: 43.08392pt x 29.18587pt.
File: kiedy.jpg Graphic file (type jpg)
<use kiedy.jpg>
Package pdftex.def Info: kiedy.jpg  used on input line 539.
(pdftex.def)             Requested size: 54.20236pt x 69.4902pt.
File: raz.jpg Graphic file (type jpg)
<use raz.jpg>
Package pdftex.def Info: raz.jpg  used on input line 540.
(pdftex.def)             Requested size: 32.66039pt x 34.7451pt.

LaTeX Warning: File `{zrzut/wtedy}.jpg' not found on input line 541.


LaTeX Warning: File `{zrzut/wtedy}.jpg' not found on input line 541.


! Package pdftex.def Error: File `zrzut/wtedy.jpg' not found: using draft setti
ng.

See the pdftex.def package documentation for explanation.
Type  H <return>  for immediate help.
 ...                                              
                                                  
l.541 \sphinxincludegraphics{{zrzut/wtedy}.jpg}
                                                wtedy
? 
File: jezeli.jpg Graphic file (type jpg)
<use jezeli.jpg>
Package pdftex.def Info: jezeli.jpg  used on input line 544.
(pdftex.def)             Requested size: 75.74432pt x 76.43922pt.
File: bedzie.jpg Graphic file (type jpg)
<use bedzie.jpg>
Package pdftex.def Info: bedzie.jpg  used on input line 545.
(pdftex.def)             Requested size: 60.45648pt x 52.11765pt.
File: nie.jpg Graphic file (type jpg)
<use nie.jpg>
Package pdftex.def Info: nie.jpg  used on input line 546.
(pdftex.def)             Requested size: 43.08392pt x 29.18587pt.
File: kiedy.jpg Graphic file (type jpg)
<use kiedy.jpg>
Package pdftex.def Info: kiedy.jpg  used on input line 547.
(pdftex.def)             Requested size: 54.20236pt x 69.4902pt.
File: raz.jpg Graphic file (type jpg)
<use raz.jpg>
Package pdftex.def Info: raz.jpg  used on input line 548.
(pdftex.def)             Requested size: 32.66039pt x 34.7451pt.

LaTeX Warning: File `{zrzut/wtedy}.jpg' not found on input line 549.


LaTeX Warning: File `{zrzut/wtedy}.jpg' not found on input line 549.


! Package pdftex.def Error: File `zrzut/wtedy.jpg' not found: using draft setti
ng.

See the pdftex.def package documentation for explanation.
Type  H <return>  for immediate help.
 ...                                              
                                                  
l.549 \sphinxincludegraphics{{zrzut/wtedy}.jpg}
                                               
? 
[8 <./bedzie.jpg> <./nie.jpg> <./raz.jpg>]
<hha.jpg, id=181, 338.01282pt x 506.6428pt>
File: hha.jpg Graphic file (type jpg)
<use hha.jpg>
Package pdftex.def Info: hha.jpg  used on input line 565.
(pdftex.def)             Requested size: 75.28076pt x 112.83783pt.
File: hha.jpg Graphic file (type jpg)
<use hha.jpg>
Package pdftex.def Info: hha.jpg  used on input line 592.
(pdftex.def)             Requested size: 338.01198pt x 506.64157pt.
 [9 <./hha.jpg>] [10]
Rozdzia\l  4.
LaTeX Font Info:    Trying to load font information for TS1+qtm on input line 6
00.
(/usr/share/texmf/tex/latex/tex-gyre/ts1qtm.fd
File: ts1qtm.fd 2009/09/25 v1.2 font definition file for TS1/qtm
) (./podrcznikstemi.ind) [11

]
(./podrcznikstemi.aux)
Package rerunfilecheck Info: File `podrcznikstemi.out' has not changed.
(rerunfilecheck)             Checksum: A2D3D78AB86BE494E9C8BB460C0C08F6;1502.
 ) 
Here is how much of TeX's memory you used:
 16346 strings out of 478287
 271680 string characters out of 5849289
 579753 words of memory out of 5000000
 34085 multiletter control sequences out of 15000+600000
 528195 words of font info for 69 fonts, out of 8000000 for 9000
 1142 hyphenation exceptions out of 8191
 70i,13n,76p,641b,477s stack positions out of 5000i,500n,10000p,200000b,80000s
{/usr/share/texmf/fonts/enc/dvips/tex-gyre/q-ts1.enc}{/usr/share/texmf/fonts/
enc/dvips/tex-gyre/q-ec.enc}</usr/share/texmf/fonts/type1/public/tex-gyre/qhvb.
pfb></usr/share/texmf/fonts/type1/public/tex-gyre/qhvbi.pfb></usr/share/texmf/f
onts/type1/public/tex-gyre/qhvr.pfb></usr/share/texmf/fonts/type1/public/tex-gy
re/qtmb.pfb></usr/share/texmf/fonts/type1/public/tex-gyre/qtmr.pfb></usr/share/
texmf/fonts/type1/public/tex-gyre/qtmri.pfb></usr/share/texlive/texmf-dist/font
s/type1/public/txfonts/t1xtt.pfb>
Output written on podrcznikstemi.pdf (15 pages, 429833 bytes).
PDF statistics:
 236 PDF objects out of 1000 (max. 8388607)
 156 compressed objects within 2 object streams
 35 named destinations out of 1000 (max. 500000)
 262 words of extra memory for PDF output out of 10000 (max. 10000000)

